
ROM used:   295/8192 (4%)
            295/8192 (4%) including unused fragments

            0.4 Average locations per line
            2.9 Average locations per statement

RAM used:   27/368 (7%) at main() level
            28/368 (8%) worst case

Stack used: 1 worst case (0 in main + 1 for interrupts)
Stack size: 8

Lines Stmts  %   Files
----- ----- ---  -----
  142   101 100  main.c
  629     0   0  ..\..\..\..\..\Program Files (x86)\PICC\Devices\16f877.h
----- -----
  771   101 Total

Page ROM  %  RAM   Vol Diff  Functions:
---- --- --- ---   --- ----  ----------
0     13   4    1             @delay_ms1
0     99  34    0  1373  4.4  rb_kesme
0     55  19    1   453  1.9  timer_kesme
0     74  25    0   469  2.9  MAIN
 Inline         0             @cinit1

Program metrics:
    Functions               3
    Statements              101
    Comments                102
    Volume (V)              2847
    Difficulty (D)          9.0
    Effort to implement (E) 25742
    Time to implement (T)   24 minutes
    Est Delivered Bugs (B)  0
    Cyclomatic Complexity   18
    Maintainability (MI)    96

 Segment     Used  Free
-----------  ----  ----
00000-00003     4  0  
00004-00035    50  0  
00036-007FF   241  1753  
00800-00FFF     0  2048  
01000-017FF     0  2048  
01800-01FFF     0  2048  



